2013-10-04 19:43:10 - firstname=max;phone=093;email=bars1602@gmail.com;payment=ik;saveorder=1;zid=1?;
2013-10-07 11:08:07 - firstname=max;phone=(093);email=bars1602@gmail.com;payment=ik;saveorder=1;zid=1?;
2013-10-07 11:09:03 - firstname=max;phone=093;email=bars1602@gmail.com;payment=ik;saveorder=1;zid=1?;
2013-10-07 10:09:48 - ik_shop_id=F2A64543-296E-66F9-62F6-1CE55F887B0F;ik_payment_id=45;ik_paysystem_alias=perfectmoneyz;ik_baggage_fields=;ik_payment_timestamp=1381130052;ik_payment_state=fail;ik_trans_id=IK_17061649;
2013-10-07 12:15:49 - firstname=max;phone=093;email=bars1602@gmail.com;payment=ik;saveorder=1;zid=1?;
2013-10-07 12:44:10 - firstname=max;phone=093;email=bars1602@gmail.com;payment=ik;saveorder=1;zid=1?;
2013-10-07 12:11:34 - ik_shop_id=F2A64543-296E-66F9-62F6-1CE55F887B0F;ik_payment_id=45;
2013-10-07 12:39:02 - ik_shop_id=F2A64543-296E-66F9-62F6-1CE55F887B0F;ik_payment_id=45;
2013-10-07 12:43:22 - ik_shop_id=F2A64543-296E-66F9-62F6-1CE55F887B0F;ik_payment_id=45;
2013-10-07 12:44:10 - ik_shop_id=F2A64543-296E-66F9-62F6-1CE55F887B0F;ik_payment_id=45;
2013-10-07 13:50:35 - firstname=max;phone=093;email=bars160201@gmail.com;payment=ik;saveorder=1;zid=1?;
2013-10-07 12:51:09 - ik_shop_id=F2A64543-296E-66F9-62F6-1CE55F887B0F;ik_payment_id=48;ik_paysystem_alias=perfectmoneyz;ik_baggage_fields=;ik_payment_timestamp=1381139748;ik_payment_state=fail;ik_trans_id=IK_17065225;
2013-10-07 13:52:30 - firstname=max;phone=093;email=bars160201@gmail.com;payment=ik;saveorder=1;zid=1?;
2013-10-07 12:52:58 - ik_shop_id=F2A64543-296E-66F9-62F6-1CE55F887B0F;ik_payment_id=49;ik_paysystem_alias=perfectmoneyz;ik_baggage_fields=;ik_payment_timestamp=1381139861;ik_payment_state=fail;ik_trans_id=IK_17065269;
2013-10-07 14:03:08 - firstname=max;phone=093;email=bars160201@gmail.com;payment=ik;saveorder=1;zid=1?;
2013-10-07 13:03:33 - ik_shop_id=F2A64543-296E-66F9-62F6-1CE55F887B0F;ik_payment_id=50;ik_paysystem_alias=perfectmoneyz;ik_baggage_fields=;ik_payment_timestamp=1381140497;ik_payment_state=fail;ik_trans_id=IK_17065576;
2013-10-07 14:08:37 - firstname=max;phone=093;email=bars160201@gmail.com;payment=ik;saveorder=1;zid=1?;
2013-10-07 13:09:06 - ik_shop_id=F2A64543-296E-66F9-62F6-1CE55F887B0F;ik_payment_id=51;ik_paysystem_alias=perfectmoneyz;ik_baggage_fields=;ik_payment_timestamp=1381140827;ik_payment_state=fail;ik_trans_id=IK_17065728;
2013-10-07 14:23:09 - firstname=выава;phone=32434324;email=andreyfrost@gmail.com;payment=ik;saveorder=1;zid=1?;
2013-10-07 14:24:04 - firstname=max;phone=093;email=bars160201@gmail.com;payment=ik;saveorder=1;zid=1?;
2013-10-07 13:26:08 - ik_shop_id=F2A64543-296E-66F9-62F6-1CE55F887B0F;ik_payment_id=52;ik_paysystem_alias=perfectmoneyz;ik_baggage_fields=;ik_payment_timestamp=1381141704;ik_payment_state=fail;ik_trans_id=IK_17066075;
2013-10-07 13:53:38 - ik_shop_id=F2A64543-296E-66F9-62F6-1CE55F887B0F;ik_payment_id=53;ik_paysystem_alias=perfectmoneyz;ik_baggage_fields=;ik_payment_timestamp=1381141754;ik_payment_state=fail;ik_trans_id=IK_17066099;
2013-10-07 13:53:39 - ik_shop_id=F2A64543-296E-66F9-62F6-1CE55F887B0F;ik_payment_id=53;ik_paysystem_alias=perfectmoneyz;ik_baggage_fields=;ik_payment_timestamp=1381141754;ik_payment_state=fail;ik_trans_id=IK_17066099;
2013-10-07 14:54:06 - firstname=max;phone=093;email=bars160201@gmail.com;payment=ik;saveorder=1;zid=1?;
2013-10-07 13:54:32 - ik_shop_id=F2A64543-296E-66F9-62F6-1CE55F887B0F;ik_payment_id=54;ik_paysystem_alias=perfectmoneyz;ik_baggage_fields=;ik_payment_timestamp=1381143556;ik_payment_state=fail;ik_trans_id=IK_17066854;
2013-10-07 14:56:03 - firstname=max;phone=093;email=bars160201@gmail.com;payment=ik;saveorder=1;zid=1?;
2013-10-07 13:56:31 - ik_shop_id=F2A64543-296E-66F9-62F6-1CE55F887B0F;ik_payment_id=55;ik_paysystem_alias=perfectmoneyz;ik_baggage_fields=;ik_payment_timestamp=1381143672;ik_payment_state=fail;ik_trans_id=IK_17066889;
2013-10-07 15:23:24 - firstname=авпвпвап;phone=32423432;email=andreyfrost@gmail.com;payment=ik;saveorder=1;zid=1?;
2013-10-07 14:23:55 - ik_shop_id=F2A64543-296E-66F9-62F6-1CE55F887B0F;ik_payment_id=56;ik_paysystem_alias=perfectmoneyz;ik_baggage_fields=;ik_payment_timestamp=1381145317;ik_payment_state=fail;ik_trans_id=IK_17067603;
2013-10-07 15:41:33 - firstname=вапвыа;phone=34355;email=andreyfrost@gmail.com;payment=ik;saveorder=1;zid=1?;
2013-10-07 19:02:12 - firstname=max;phone=093;email=bars1602@gmail.com;payment=ik;saveorder=1;mid=16?;
2013-10-07 18:02:43 - ik_shop_id=F2A64543-296E-66F9-62F6-1CE55F887B0F;ik_payment_id=58;ik_paysystem_alias=perfectmoneyz;ik_baggage_fields=;ik_payment_timestamp=1381158444;ik_payment_state=fail;ik_trans_id=IK_17073604;
2013-10-08 17:45:14 - firstname=max;phone=093;email=bars1602@gmail.com;payment=ik;saveorder=1;mid=16?;
2013-10-08 17:46:30 - firstname=max;phone=093;email=bars1602@gmail.com;payment=ik;saveorder=1;mid=16?;
2013-10-08 18:06:45 - firstname=max;phone=093;email=bars1602@gmail.com;payment=ik;saveorder=1;mid=13?;
2013-10-08 18:09:19 - firstname=max;phone=093;email=bars1602@gmail.com;payment=ik;saveorder=1;mid=13?;
2013-10-08 17:09:48 - ik_shop_id=F2A64543-296E-66F9-62F6-1CE55F887B0F;ik_payment_id=61;ik_paysystem_alias=perfectmoneyz;ik_baggage_fields=;ik_payment_timestamp=1381241670;ik_payment_state=fail;ik_trans_id=IK_17097875;
2013-10-08 18:12:06 - firstname=max;phone=0093;email=bars1602@gmail.com;payment=ik;saveorder=1;mid=13?;
2013-10-08 17:12:33 - ik_shop_id=F2A64543-296E-66F9-62F6-1CE55F887B0F;ik_payment_id=62;ik_paysystem_alias=perfectmoneyz;ik_baggage_fields=;ik_payment_timestamp=1381241837;ik_payment_state=fail;ik_trans_id=IK_17097946;
2013-10-08 18:33:42 - firstname=max;phone=093;email=bars1602@gmail.com;payment=ik;saveorder=1;mid=13?;
2013-10-08 17:34:09 - ik_shop_id=F2A64543-296E-66F9-62F6-1CE55F887B0F;ik_payment_id=63;ik_paysystem_alias=perfectmoneyz;ik_baggage_fields=;ik_payment_timestamp=1381243133;ik_payment_state=fail;ik_trans_id=IK_17098522;
2013-10-08 18:36:14 - firstname=max;phone=093;email=bars1602@gmail.com;payment=ik;saveorder=1;mid=13?;
2013-10-08 17:36:40 - ik_shop_id=F2A64543-296E-66F9-62F6-1CE55F887B0F;ik_payment_id=64;ik_paysystem_alias=perfectmoneyz;ik_baggage_fields=;ik_payment_timestamp=1381243284;ik_payment_state=fail;ik_trans_id=IK_17098601;
2013-10-27 04:55:31 - firstname=Administrator;phone=;email=vdanko2010@meta.ua;payment=ik;saveorder=1;zid=16?;
2013-10-28 13:03:44 - firstname=bars1602;phone=;email=bars1602@gmail.com;payment=ik;saveorder=1;zid=11?;
2013-10-28 13:41:59 - firstname=bars1602;phone=;email=bars1602@gmail.com;payment=ik;saveorder=1;zid=11?;
2013-10-28 14:43:57 - firstname=ddd;phone=453533453545;email=bars1602@gmail.com;payment=ik;saveorder=1;zid=10?;
2013-10-28 14:44:27 - firstname=ddd;phone=4534343;email=bars1602@gmail.com;payment=ik;saveorder=1;zid=10?;
2013-10-28 14:50:03 - firstname=ddd;phone=56646464;email=bars1602@gmail.com;payment=ik;saveorder=1;zid=10?;
2013-10-28 17:33:27 - firstname=bars1602;phone=123;email=bars1602@gmail.com;payment=ik;saveorder=1;zid=11?;
2013-10-29 12:55:13 - firstname=ddd;phone=3453453453;email=bars1602@gmail.com;payment=ik;saveorder=1;zid=11?;
2013-10-30 13:46:30 - firstname=ddd;phone=+380679664274;email=bars1602@gmail.com;payment=ik;saveorder=1;zid=16?;
2013-10-30 14:11:37 - firstname=ddd;phone=+380679664274;email=vdolgoshey@mail.ru;payment=ik;saveorder=1;zid=10?;
2013-10-30 14:26:41 - firstname=Administrator;phone=+380679664274;email=vdanko2010@meta.ua;payment=ik;saveorder=1;zid=16?;
2013-10-30 15:24:23 - firstname=dfdsfs;phone=sdfdsf;email=andreyfrost@gmail.com;payment=ik;saveorder=1;zid=17?;
2013-10-31 08:50:29 - firstname=dfdsf;phone=3325332;email=andreyfrost@gmail.com;payment=ik;saveorder=1;zid=10?;
2013-10-31 16:27:00 - firstname=bars1602;phone=093;email=bars1602@gmail.com;payment=ik;saveorder=1;zid=16?;
2013-10-31 15:36:27 - ik_shop_id=A0B1F004-FEAB-6E9E-0188-A89FE0693B71;ik_payment_amount=0.50;ik_payment_id=105;ik_payment_desc=Пополнение счета в системе stud-help.com;ik_paysystem_alias=privat24u;ik_baggage_fields=;ik_payment_timestamp=1383226876;ik_payment_state=success;ik_trans_id=IK_17708018;ik_currency_exch=0.12422;ik_fees_payer=1;ik_sign_hash=9C30E015BDDAD5F533F8BF4F8B1CCD30;success*9C30E015BDDAD5F533F8BF4F8B1CCD30*9C30E015BDDAD5F533F8BF4F8B1CCD30
2013-10-31 15:36:29 - ik_shop_id=A0B1F004-FEAB-6E9E-0188-A89FE0693B71;ik_payment_amount=0.50;ik_payment_id=105;ik_payment_desc=Пополнение счета в системе stud-help.com;ik_paysystem_alias=privat24u;ik_baggage_fields=;ik_payment_timestamp=1383226876;ik_payment_state=success;ik_trans_id=IK_17708018;ik_currency_exch=0.12422;ik_fees_payer=1;ik_sign_hash=9C30E015BDDAD5F533F8BF4F8B1CCD30;success*9C30E015BDDAD5F533F8BF4F8B1CCD30*9C30E015BDDAD5F533F8BF4F8B1CCD30
2013-10-31 15:36:31 - ik_shop_id=A0B1F004-FEAB-6E9E-0188-A89FE0693B71;ik_payment_amount=0.50;ik_payment_id=105;ik_payment_desc=Пополнение счета в системе stud-help.com;ik_paysystem_alias=privat24u;ik_baggage_fields=;ik_payment_timestamp=1383226876;ik_payment_state=success;ik_trans_id=IK_17708018;ik_currency_exch=0.12422;ik_fees_payer=1;ik_sign_hash=9C30E015BDDAD5F533F8BF4F8B1CCD30;success*9C30E015BDDAD5F533F8BF4F8B1CCD30*9C30E015BDDAD5F533F8BF4F8B1CCD30
2013-10-31 15:36:41 - ik_shop_id=A0B1F004-FEAB-6E9E-0188-A89FE0693B71;ik_payment_id=105;ik_paysystem_alias=privat24u;ik_baggage_fields=;ik_payment_timestamp=1383226876;ik_payment_state=success;ik_trans_id=IK_17708018;success**CF0681CFEE112EC00345A57D484B4358
2013-10-31 15:46:00 - ik_shop_id=A0B1F004-FEAB-6E9E-0188-A89FE0693B71;ik_payment_amount=0.50;ik_payment_id=106;ik_payment_desc=zadacha2;ik_paysystem_alias=privat24u;ik_baggage_fields=;ik_payment_timestamp=1383227379;ik_payment_state=success;ik_trans_id=IK_17708267;ik_currency_exch=0.12422;ik_fees_payer=1;ik_sign_hash=D7A0853DA14FB39731B9B2F45DF2A838;success*D7A0853DA14FB39731B9B2F45DF2A838*D7A0853DA14FB39731B9B2F45DF2A838
2013-10-31 15:46:03 - ik_shop_id=A0B1F004-FEAB-6E9E-0188-A89FE0693B71;ik_payment_amount=0.50;ik_payment_id=106;ik_payment_desc=zadacha2;ik_paysystem_alias=privat24u;ik_baggage_fields=;ik_payment_timestamp=1383227379;ik_payment_state=success;ik_trans_id=IK_17708267;ik_currency_exch=0.12422;ik_fees_payer=1;ik_sign_hash=D7A0853DA14FB39731B9B2F45DF2A838;success*D7A0853DA14FB39731B9B2F45DF2A838*D7A0853DA14FB39731B9B2F45DF2A838
2013-10-31 15:46:05 - ik_shop_id=A0B1F004-FEAB-6E9E-0188-A89FE0693B71;ik_payment_amount=0.50;ik_payment_id=106;ik_payment_desc=zadacha2;ik_paysystem_alias=privat24u;ik_baggage_fields=;ik_payment_timestamp=1383227379;ik_payment_state=success;ik_trans_id=IK_17708267;ik_currency_exch=0.12422;ik_fees_payer=1;ik_sign_hash=D7A0853DA14FB39731B9B2F45DF2A838;success*D7A0853DA14FB39731B9B2F45DF2A838*D7A0853DA14FB39731B9B2F45DF2A838
2013-10-31 15:46:07 - ik_shop_id=A0B1F004-FEAB-6E9E-0188-A89FE0693B71;ik_payment_amount=0.50;ik_payment_id=106;ik_payment_desc=zadacha2;ik_paysystem_alias=privat24u;ik_baggage_fields=;ik_payment_timestamp=1383227379;ik_payment_state=success;ik_trans_id=IK_17708267;ik_currency_exch=0.12422;ik_fees_payer=1;ik_sign_hash=D7A0853DA14FB39731B9B2F45DF2A838;success*D7A0853DA14FB39731B9B2F45DF2A838*D7A0853DA14FB39731B9B2F45DF2A838
2013-10-31 15:46:29 - ik_shop_id=A0B1F004-FEAB-6E9E-0188-A89FE0693B71;ik_payment_id=106;ik_paysystem_alias=privat24u;ik_baggage_fields=;ik_payment_timestamp=1383227379;ik_payment_state=success;ik_trans_id=IK_17708267;success**82B5A93F200DF64C0F78DD74141C5EB0
2013-10-31 15:49:56 - asd=1;**797F7DED6F1D15AC275F0A808F8CA34D
2013-10-31 15:50:22 - asd=1;**797F7DED6F1D15AC275F0A808F8CA34D
