2013-10-31 14:32:51 - firstname=bars1602;phone=093;email=bars1602@gmail.com;payment=liqpay;saveorder=1;zid=11?;
2013-10-31 14:35:04 - firstname=bars1602;phone=093;email=bars1602@gmail.com;payment=liqpay;saveorder=1;zid=11?;
2013-10-31 14:38:08 - firstname=bars1602;phone=093;email=bars1602@gmail.com;payment=liqpay;saveorder=1;zid=11?;
2013-10-31 14:41:24 - firstname=bars1602;phone=093;email=bars1602@gmail.com;payment=liqpay;saveorder=1;zid=11?;
2013-10-31 14:43:14 - firstname=bars1602;phone=093;email=bars1602@gmail.com;payment=liqpay;saveorder=1;zid=11?;
2013-10-31 14:44:14 - firstname=bars1602;phone=093;email=bars1602@gmail.com;payment=liqpay;saveorder=1;zid=11?;
2013-10-31 14:44:59 - firstname=bars1602;phone=093;email=bars1602@gmail.com;payment=liqpay;saveorder=1;zid=11?;
2013-10-31 14:46:41 - firstname=bars1602;phone=093;email=bars1602@gmail.com;payment=liqpay;saveorder=1;zid=11?;
2013-10-31 14:48:18 - firstname=bars1602;phone=093;email=bars1602@gmail.com;payment=liqpay;saveorder=1;zid=11?;
2013-10-31 14:56:35 - firstname=bars1602;phone=093;email=bars1602@gmail.com;payment=liqpay;saveorder=1;zid=11?;
2013-10-31 13:59:22 - signature=2h2tDS/lMHBVmqhsmajlw45u9eE=;operation_xml=PHJlc3BvbnNlPgo8c2VuZGVyX3Bob25lPiszODA2MzYwMDM4NjE8L3NlbmRlcl9waG9uZT4KPHN0
YXR1cz5zdWNjZXNzPC9zdGF0dXM+Cjx2ZXJzaW9uPjEuMjwvdmVyc2lvbj4KPG9yZGVyX2lkPjky
PC9vcmRlcl9pZD4KPG1lcmNoYW50X2lkPmkwMTU0Njc5MzY3PC9tZXJjaGFudF9pZD4KPHBheV9k
ZXRhaWxzPlBCPC9wYXlfZGV0YWlscz4KPGRlc2NyaXB0aW9uPsOQwp/DkMK+w5DCu8ORwoPDkcKH
w5DCtcOQwr3DkMK4w5DCtSDDkMK/w5HCgMOQwrXDkMK0w5HCgcORwoLDkMKww5DCssOQwrvDkMK1
w5DCvcOQwrjDkMK5IMOQwr7DkMKxIMOQwrjDkMK3w5HCg8ORwofDkMKww5DCtcOQwrzDkMK+w5DC
vCDDkMK+w5DCscORworDkMK1w5DCusORwoLDkMK1PC9kZXNjcmlwdGlvbj4KPGN1cnJlbmN5PlVT
RDwvY3VycmVuY3k+CjxhbW91bnQ+MC4wMzwvYW1vdW50Pgo8cGF5X3dheT5jYXJkPC9wYXlfd2F5
Pgo8dHJhbnNhY3Rpb25faWQ+MzA4MzI4ODE8L3RyYW5zYWN0aW9uX2lkPgo8YWN0aW9uPnNlcnZl
cl91cmw8L2FjdGlvbj4KPGNvZGU+PC9jb2RlPgo8L3Jlc3BvbnNlPg==
;
2013-10-31 15:10:04 - operation_xml=PHJlc3BvbnNlPgogIDxhY3Rpb24+cmVzdWx0X3VybDwvYWN0aW9uPgogIDxhbW91bnQ+MC4wMzwv
YW1vdW50PgogIDxjdXJyZW5jeT5VU0Q8L2N1cnJlbmN5PgogIDxkZXNjcmlwdGlvbj7DkMKfw5DC
vsOQwrvDkcKDw5HCh8OQwrXDkMK9w5DCuMOQwrUgw5DCv8ORwoDDkMK1w5DCtMORwoHDkcKCw5DC
sMOQwrLDkMK7w5DCtcOQwr3DkMK4w5DCuSDDkMK+w5DCsSDDkMK4w5DCt8ORwoPDkcKHw5DCsMOQ
wrXDkMK8w5DCvsOQwrwgw5DCvsOQwrHDkcKKw5DCtcOQwrrDkcKCw5DCtTwvZGVzY3JpcHRpb24+
CiAgPG1lcmNoYW50X2lkPmkwMTU0Njc5MzY3PC9tZXJjaGFudF9pZD4KICA8b3JkZXJfaWQ+OTQ8
L29yZGVyX2lkPgogIDxwYXlfd2F5PmNhcmQ8L3BheV93YXk+CiAgPHNlbmRlcl9waG9uZT4rMzgw
NjM2MDAzODYxPC9zZW5kZXJfcGhvbmU+CiAgPHN0YXR1cz5zdWNjZXNzPC9zdGF0dXM+CiAgPHRy
YW5zYWN0aW9uX2lkPjMwODMzMzQwPC90cmFuc2FjdGlvbl9pZD4KICA8dmVyc2lvbj4xLjI8L3Zl
cnNpb24+CjwvcmVzcG9uc2U+Cg==
;signature=VxtkC504xJIncvHAAWSgBOb4aRo=;$hash=VxtkC504xJIncvHAAWSgBOb4aRo=
$crc=VxtkC504xJIncvHAAWSgBOb4aRo=
success

2013-10-31 15:10:37 - signature=EMqNMq5ScvmrselnU4I0zTIMWjo=;operation_xml=PHJlc3BvbnNlPgo8c2VuZGVyX3Bob25lPiszODA2MzYwMDM4NjE8L3NlbmRlcl9waG9uZT4KPHN0
YXR1cz5zdWNjZXNzPC9zdGF0dXM+Cjx2ZXJzaW9uPjEuMjwvdmVyc2lvbj4KPG9yZGVyX2lkPjk0
PC9vcmRlcl9pZD4KPG1lcmNoYW50X2lkPmkwMTU0Njc5MzY3PC9tZXJjaGFudF9pZD4KPHBheV9k
ZXRhaWxzPlBCPC9wYXlfZGV0YWlscz4KPGRlc2NyaXB0aW9uPsOQwp/DkMK+w5DCu8ORwoPDkcKH
w5DCtcOQwr3DkMK4w5DCtSDDkMK/w5HCgMOQwrXDkMK0w5HCgcORwoLDkMKww5DCssOQwrvDkMK1
w5DCvcOQwrjDkMK5IMOQwr7DkMKxIMOQwrjDkMK3w5HCg8ORwofDkMKww5DCtcOQwrzDkMK+w5DC
vCDDkMK+w5DCscORworDkMK1w5DCusORwoLDkMK1PC9kZXNjcmlwdGlvbj4KPGN1cnJlbmN5PlVT
RDwvY3VycmVuY3k+CjxhbW91bnQ+MC4wMzwvYW1vdW50Pgo8cGF5X3dheT5jYXJkPC9wYXlfd2F5
Pgo8dHJhbnNhY3Rpb25faWQ+MzA4MzMzNDA8L3RyYW5zYWN0aW9uX2lkPgo8YWN0aW9uPnNlcnZl
cl91cmw8L2FjdGlvbj4KPGNvZGU+PC9jb2RlPgo8L3Jlc3BvbnNlPg==
;$hash=EMqNMq5ScvmrselnU4I0zTIMWjo=
$crc=EMqNMq5ScvmrselnU4I0zTIMWjo=
success

2013-10-31 15:16:50 - signature=SU9Jjdo7UiGmThf4nVc8YuIeyC0=;operation_xml=PHJlc3BvbnNlPgo8c2VuZGVyX3Bob25lPiszODA2MzYwMDM4NjE8L3NlbmRlcl9waG9uZT4KPHN0
YXR1cz5zdWNjZXNzPC9zdGF0dXM+Cjx2ZXJzaW9uPjEuMjwvdmVyc2lvbj4KPG9yZGVyX2lkPjk1
PC9vcmRlcl9pZD4KPG1lcmNoYW50X2lkPmkwMTU0Njc5MzY3PC9tZXJjaGFudF9pZD4KPHBheV9k
ZXRhaWxzPlBCPC9wYXlfZGV0YWlscz4KPGRlc2NyaXB0aW9uPsOQwp/DkMK+w5DCu8ORwoPDkcKH
w5DCtcOQwr3DkMK4w5DCtSDDkMK/w5HCgMOQwrXDkMK0w5HCgcORwoLDkMKww5DCssOQwrvDkMK1
w5DCvcOQwrjDkMK5IMOQwr7DkMKxIMOQwrjDkMK3w5HCg8ORwofDkMKww5DCtcOQwrzDkMK+w5DC
vCDDkMK+w5DCscORworDkMK1w5DCusORwoLDkMK1PC9kZXNjcmlwdGlvbj4KPGN1cnJlbmN5PlVT
RDwvY3VycmVuY3k+CjxhbW91bnQ+MC4wMzwvYW1vdW50Pgo8cGF5X3dheT5jYXJkPC9wYXlfd2F5
Pgo8dHJhbnNhY3Rpb25faWQ+MzA4MzM1OTc8L3RyYW5zYWN0aW9uX2lkPgo8YWN0aW9uPnNlcnZl
cl91cmw8L2FjdGlvbj4KPGNvZGU+PC9jb2RlPgo8L3Jlc3BvbnNlPg==
;$hash=SU9Jjdo7UiGmThf4nVc8YuIeyC0=
$crc=SU9Jjdo7UiGmThf4nVc8YuIeyC0=
success

2013-10-31 15:22:43 - signature=ld3lv/jk5MXeiZtdgMLzqyYgUN0=;operation_xml=PHJlc3BvbnNlPgo8c2VuZGVyX3Bob25lPiszODA2MzYwMDM4NjE8L3NlbmRlcl9waG9uZT4KPHN0
YXR1cz5zdWNjZXNzPC9zdGF0dXM+Cjx2ZXJzaW9uPjEuMjwvdmVyc2lvbj4KPG9yZGVyX2lkPjk2
PC9vcmRlcl9pZD4KPG1lcmNoYW50X2lkPmkwMTU0Njc5MzY3PC9tZXJjaGFudF9pZD4KPHBheV9k
ZXRhaWxzPlBCPC9wYXlfZGV0YWlscz4KPGRlc2NyaXB0aW9uPsOQwp/DkMK+w5DCu8ORwoPDkcKH
w5DCtcOQwr3DkMK4w5DCtSDDkMK/w5HCgMOQwrXDkMK0w5HCgcORwoLDkMKww5DCssOQwrvDkMK1
w5DCvcOQwrjDkMK5IMOQwr7DkMKxIMOQwrjDkMK3w5HCg8ORwofDkMKww5DCtcOQwrzDkMK+w5DC
vCDDkMK+w5DCscORworDkMK1w5DCusORwoLDkMK1PC9kZXNjcmlwdGlvbj4KPGN1cnJlbmN5PlVT
RDwvY3VycmVuY3k+CjxhbW91bnQ+MC4wMzwvYW1vdW50Pgo8cGF5X3dheT5jYXJkPC9wYXlfd2F5
Pgo8dHJhbnNhY3Rpb25faWQ+MzA4MzM3NTA8L3RyYW5zYWN0aW9uX2lkPgo8YWN0aW9uPnNlcnZl
cl91cmw8L2FjdGlvbj4KPGNvZGU+PC9jb2RlPgo8L3Jlc3BvbnNlPg==
;$hash=ld3lv/jk5MXeiZtdgMLzqyYgUN0=
$crc=ld3lv/jk5MXeiZtdgMLzqyYgUN0=
success
SimpleXMLElement Object
(
    [sender_phone] => +380636003861
    [status] => success
    [version] => 1.2
    [order_id] => 96
    [merchant_id] => i0154679367
    [pay_details] => PB
    [description] => ГђВџГђВѕГђВ»Г‘ВѓГ‘В‡ГђВµГђВЅГђВёГђВµ ГђВїГ‘ВЂГђВµГђВґГ‘ВЃГ‘В‚ГђВ°ГђВІГђВ»ГђВµГђВЅГђВёГђВ№ ГђВѕГђВ± ГђВёГђВ·Г‘ВѓГ‘В‡ГђВ°ГђВµГђВјГђВѕГђВј ГђВѕГђВ±Г‘ВЉГђВµГђВєГ‘В‚ГђВµ
    [currency] => USD
    [amount] => 0.03
    [pay_way] => card
    [transaction_id] => 30833750
    [action] => server_url
    [code] => SimpleXMLElement Object
        (
        )

)

SELECT * FROM katalog_orders WHERE id = 0 AND status = 0
2013-10-31 15:47:32 - signature=UQOfZK5tNBAX6y0Sx208M/kegmE=;operation_xml=PHJlc3BvbnNlPgo8c2VuZGVyX3Bob25lPiszODA2MzYwMDM4NjE8L3NlbmRlcl9waG9uZT4KPHN0
YXR1cz5zdWNjZXNzPC9zdGF0dXM+Cjx2ZXJzaW9uPjEuMjwvdmVyc2lvbj4KPG9yZGVyX2lkPjk5
PC9vcmRlcl9pZD4KPG1lcmNoYW50X2lkPmkwMTU0Njc5MzY3PC9tZXJjaGFudF9pZD4KPHBheV9k
ZXRhaWxzPlBCPC9wYXlfZGV0YWlscz4KPGRlc2NyaXB0aW9uPsOQwp/DkMK+w5DCu8ORwoPDkcKH
w5DCtcOQwr3DkMK4w5DCtSDDkMK/w5HCgMOQwrXDkMK0w5HCgcORwoLDkMKww5DCssOQwrvDkMK1
w5DCvcOQwrjDkMK5IMOQwr7DkMKxIMOQwrjDkMK3w5HCg8ORwofDkMKww5DCtcOQwrzDkMK+w5DC
vCDDkMK+w5DCscORworDkMK1w5DCusORwoLDkMK1PC9kZXNjcmlwdGlvbj4KPGN1cnJlbmN5PlVT
RDwvY3VycmVuY3k+CjxhbW91bnQ+MC4wMzwvYW1vdW50Pgo8cGF5X3dheT5jYXJkPC9wYXlfd2F5
Pgo8dHJhbnNhY3Rpb25faWQ+MzA4MzQ3MTQ8L3RyYW5zYWN0aW9uX2lkPgo8YWN0aW9uPnNlcnZl
cl91cmw8L2FjdGlvbj4KPGNvZGU+PC9jb2RlPgo8L3Jlc3BvbnNlPg==
;$hash=UQOfZK5tNBAX6y0Sx208M/kegmE=
$crc=UQOfZK5tNBAX6y0Sx208M/kegmE=
success

2014-01-14 23:28:21 - signature=2C9k9DeaP0+qCZvCnDMEgKhLH1E=;operation_xml=PHJlc3BvbnNlPgo8c2VuZGVyX3Bob25lPiszODA2Nzk2NjQyNzQ8L3NlbmRlcl9waG9uZT4KPHN0
YXR1cz5zdWNjZXNzPC9zdGF0dXM+Cjx2ZXJzaW9uPjEuMjwvdmVyc2lvbj4KPG9yZGVyX2lkPjEx
Mjwvb3JkZXJfaWQ+CjxtZXJjaGFudF9pZD5pMDE1NDY3OTM2NzwvbWVyY2hhbnRfaWQ+CjxwYXlf
ZGV0YWlscz5QQjwvcGF5X2RldGFpbHM+CjxkZXNjcmlwdGlvbj4xLjE8L2Rlc2NyaXB0aW9uPgo8
Y3VycmVuY3k+VVNEPC9jdXJyZW5jeT4KPGFtb3VudD4wLjUwPC9hbW91bnQ+CjxwYXlfd2F5PmNh
cmQ8L3BheV93YXk+Cjx0cmFuc2FjdGlvbl9pZD4zMzY4NTc2MTwvdHJhbnNhY3Rpb25faWQ+Cjxh
Y3Rpb24+c2VydmVyX3VybDwvYWN0aW9uPgo8Y29kZT48L2NvZGU+CjwvcmVzcG9uc2U+
;$hash=2C9k9DeaP0+qCZvCnDMEgKhLH1E=
$crc=2C9k9DeaP0+qCZvCnDMEgKhLH1E=
success

2014-01-14 23:37:09 - signature=r/uv0M/RYigCF/9bLX3RkOen1oQ=;operation_xml=PHJlc3BvbnNlPgo8c2VuZGVyX3Bob25lPiszODA2Nzk2NjQyNzQ8L3NlbmRlcl9waG9uZT4KPHN0
YXR1cz5zdWNjZXNzPC9zdGF0dXM+Cjx2ZXJzaW9uPjEuMjwvdmVyc2lvbj4KPG9yZGVyX2lkPjEx
NDwvb3JkZXJfaWQ+CjxtZXJjaGFudF9pZD5pMDE1NDY3OTM2NzwvbWVyY2hhbnRfaWQ+CjxwYXlf
ZGV0YWlscz5QQjwvcGF5X2RldGFpbHM+CjxkZXNjcmlwdGlvbj4xLjE8L2Rlc2NyaXB0aW9uPgo8
Y3VycmVuY3k+VVNEPC9jdXJyZW5jeT4KPGFtb3VudD4wLjUwPC9hbW91bnQ+CjxwYXlfd2F5PmNh
cmQ8L3BheV93YXk+Cjx0cmFuc2FjdGlvbl9pZD4zMzY4NjA2MjwvdHJhbnNhY3Rpb25faWQ+Cjxh
Y3Rpb24+c2VydmVyX3VybDwvYWN0aW9uPgo8Y29kZT48L2NvZGU+CjwvcmVzcG9uc2U+
;$hash=r/uv0M/RYigCF/9bLX3RkOen1oQ=
$crc=r/uv0M/RYigCF/9bLX3RkOen1oQ=
success

2014-01-15 00:09:10 - signature=2T3/Aw7misu1E4rqfq0j5dyPIlY=;operation_xml=PHJlc3BvbnNlPgo8c2VuZGVyX3Bob25lPiszODA2Nzk2NjQyNzQ8L3NlbmRlcl9waG9uZT4KPHN0
YXR1cz5zdWNjZXNzPC9zdGF0dXM+Cjx2ZXJzaW9uPjEuMjwvdmVyc2lvbj4KPG9yZGVyX2lkPjEx
NTwvb3JkZXJfaWQ+CjxtZXJjaGFudF9pZD5pMDE1NDY3OTM2NzwvbWVyY2hhbnRfaWQ+CjxwYXlf
ZGV0YWlscz5QQjwvcGF5X2RldGFpbHM+CjxkZXNjcmlwdGlvbj4xLjE8L2Rlc2NyaXB0aW9uPgo8
Y3VycmVuY3k+VVNEPC9jdXJyZW5jeT4KPGFtb3VudD4wLjUwPC9hbW91bnQ+CjxwYXlfd2F5PmNh
cmQ8L3BheV93YXk+Cjx0cmFuc2FjdGlvbl9pZD4zMzY4NzE2NDwvdHJhbnNhY3Rpb25faWQ+Cjxh
Y3Rpb24+c2VydmVyX3VybDwvYWN0aW9uPgo8Y29kZT48L2NvZGU+CjwvcmVzcG9uc2U+
;$hash=2T3/Aw7misu1E4rqfq0j5dyPIlY=
$crc=2T3/Aw7misu1E4rqfq0j5dyPIlY=
success

2014-01-15 13:50:41 - test=1;$hash=R/xQBCV4WNAia0Qg9wrqsmcYZtE=
$crc=none


2014-01-15 13:54:57 - test=1;$hash=R/xQBCV4WNAia0Qg9wrqsmcYZtE=
$crc=none


2014-01-15 14:00:57 - test=1;$hash=R/xQBCV4WNAia0Qg9wrqsmcYZtE=
$crc=none

UPDATE katalog_user SET balance = balance + -432 WHERE id_p = 5267
2014-01-15 14:04:11 - test=1;$hash=R/xQBCV4WNAia0Qg9wrqsmcYZtE=
$crc=none

0 * 24.00 * 40
2014-01-15 14:05:24 - test=1;$hash=R/xQBCV4WNAia0Qg9wrqsmcYZtE=
$crc=none

 * 24.00 * 40
2014-01-15 14:05:25 - test=1;$hash=R/xQBCV4WNAia0Qg9wrqsmcYZtE=
$crc=none

 * 24.00 * 40
2014-01-15 14:07:23 - test=1;$hash=R/xQBCV4WNAia0Qg9wrqsmcYZtE=
$crc=none

 * 24.00 * 40
2014-01-15 14:07:24 - test=1;$hash=R/xQBCV4WNAia0Qg9wrqsmcYZtE=
$crc=none

 * 24.00 * 40
2014-01-15 14:08:07 - test=1;$hash=R/xQBCV4WNAia0Qg9wrqsmcYZtE=
$crc=none

Array
(
    [0] => 45
    [id] => 45
    [1] => max
    [username] => max
    [2] => 0
    [user_ispolnitel] => 0
    [3] => 093
    [phone] => 093
    [4] => bars1602@gmail.com
    [email] => bars1602@gmail.com
    [5] => вкапвап(Практическая работа №1 по Метрологии)
    [name_zadacha] => вкапвап(Практическая работа №1 по Метрологии)
    [6] => 
    [file_name] => 
    [7] => 
    [file_name2] => 
    [8] => 15.00
    [price] => 15.00
    [9] => 2013-10-07 10:09:03
    [date_add] => 2013-10-07 10:09:03
    [10] => 1
    [status] => 1
)
15.00 * 24.00 * 40
2014-01-15 14:08:08 - test=1;$hash=R/xQBCV4WNAia0Qg9wrqsmcYZtE=
$crc=none

Array
(
    [0] => 45
    [id] => 45
    [1] => max
    [username] => max
    [2] => 0
    [user_ispolnitel] => 0
    [3] => 093
    [phone] => 093
    [4] => bars1602@gmail.com
    [email] => bars1602@gmail.com
    [5] => вкапвап(Практическая работа №1 по Метрологии)
    [name_zadacha] => вкапвап(Практическая работа №1 по Метрологии)
    [6] => 
    [file_name] => 
    [7] => 
    [file_name2] => 
    [8] => 15.00
    [price] => 15.00
    [9] => 2013-10-07 10:09:03
    [date_add] => 2013-10-07 10:09:03
    [10] => 1
    [status] => 1
)
15.00 * 24.00 * 40
2014-01-15 14:09:12 - test=1;$hash=R/xQBCV4WNAia0Qg9wrqsmcYZtE=
$crc=none

Array
(
    [0] => 118
    [id] => 118
    [1] => bars1602
    [username] => bars1602
    [2] => 5267
    [user_ispolnitel] => 5267
    [3] => (093)
    [phone] => (093)
    [4] => bars1602@gmail.com
    [email] => bars1602@gmail.com
    [5] => 1.1(Фізика. Збірник задач)
    [name_zadacha] => 1.1(Фізика. Збірник задач)
    [6] => uploads/f_1383929258_5267_1.1.jpg
    [file_name] => uploads/f_1383929258_5267_1.1.jpg
    [7] => 5bf2dd8d220024c4cf7d585f718785b3
    [file_name2] => 5bf2dd8d220024c4cf7d585f718785b3
    [8] => 0.50
    [price] => 0.50
    [9] => 2014-01-15 12:00:39
    [date_add] => 2014-01-15 12:00:39
    [10] => 1
    [status] => 1
)
0.50 * 24.00 * 40
2014-01-15 14:09:12 - test=1;$hash=R/xQBCV4WNAia0Qg9wrqsmcYZtE=
$crc=none

Array
(
    [0] => 118
    [id] => 118
    [1] => bars1602
    [username] => bars1602
    [2] => 5267
    [user_ispolnitel] => 5267
    [3] => (093)
    [phone] => (093)
    [4] => bars1602@gmail.com
    [email] => bars1602@gmail.com
    [5] => 1.1(Фізика. Збірник задач)
    [name_zadacha] => 1.1(Фізика. Збірник задач)
    [6] => uploads/f_1383929258_5267_1.1.jpg
    [file_name] => uploads/f_1383929258_5267_1.1.jpg
    [7] => 5bf2dd8d220024c4cf7d585f718785b3
    [file_name2] => 5bf2dd8d220024c4cf7d585f718785b3
    [8] => 0.50
    [price] => 0.50
    [9] => 2014-01-15 12:00:39
    [date_add] => 2014-01-15 12:00:39
    [10] => 1
    [status] => 1
)
0.50 * 24.00 * 40
2014-01-15 14:10:04 - test=1;$hash=R/xQBCV4WNAia0Qg9wrqsmcYZtE=
$crc=none

12 * 24.00 * 40
2014-01-15 14:10:05 - test=1;$hash=R/xQBCV4WNAia0Qg9wrqsmcYZtE=
$crc=none

12 * 24.00 * 40
2014-01-15 14:11:42 - test=1;$hash=R/xQBCV4WNAia0Qg9wrqsmcYZtE=
$crc=none

280.8
2014-01-15 14:11:43 - test=1;$hash=R/xQBCV4WNAia0Qg9wrqsmcYZtE=
$crc=none

280.8
2014-01-15 14:13:38 - test=1;$hash=R/xQBCV4WNAia0Qg9wrqsmcYZtE=
$crc=none

288
2014-01-15 14:13:39 - test=1;$hash=R/xQBCV4WNAia0Qg9wrqsmcYZtE=
$crc=none

288
2014-01-15 14:15:19 - test=1;$hash=R/xQBCV4WNAia0Qg9wrqsmcYZtE=
$crc=none

UPDATE katalog_user SET balance = balance + 4.8 WHERE id_p = 5267
2014-01-15 14:15:19 - test=1;$hash=R/xQBCV4WNAia0Qg9wrqsmcYZtE=
$crc=none

UPDATE katalog_user SET balance = balance + 4.8 WHERE id_p = 5267
2014-01-15 14:17:27 - test=1;$hash=R/xQBCV4WNAia0Qg9wrqsmcYZtE=
$crc=none

UPDATE katalog_user SET balance = balance + 7.2 WHERE id_p = 5267
2014-01-15 14:17:28 - test=1;$hash=R/xQBCV4WNAia0Qg9wrqsmcYZtE=
$crc=none

UPDATE katalog_user SET balance = balance + 7.2 WHERE id_p = 5267
2014-01-15 14:21:17 - test=1;$hash=R/xQBCV4WNAia0Qg9wrqsmcYZtE=
$crc=none


2014-01-15 14:21:17 - test=1;$hash=R/xQBCV4WNAia0Qg9wrqsmcYZtE=
$crc=none


2014-01-15 14:26:50 - test=1;$hash=R/xQBCV4WNAia0Qg9wrqsmcYZtE=
$crc=none


2014-01-15 14:27:33 - test=1;$hash=R/xQBCV4WNAia0Qg9wrqsmcYZtE=
$crc=none


2014-01-15 14:27:34 - test=1;$hash=R/xQBCV4WNAia0Qg9wrqsmcYZtE=
$crc=none


2014-01-15 14:29:00 - test=1;$hash=R/xQBCV4WNAia0Qg9wrqsmcYZtE=
$crc=none


2014-01-15 14:29:02 - test=1;$hash=R/xQBCV4WNAia0Qg9wrqsmcYZtE=
$crc=none


2014-01-15 14:53:18 - test=1;$hash=R/xQBCV4WNAia0Qg9wrqsmcYZtE=
$crc=none


2014-01-15 14:57:36 - test=1;$hash=R/xQBCV4WNAia0Qg9wrqsmcYZtE=
$crc=none

insert into katalog_finanse(status,outu,type,rnd,add_data,price) values('0','5267','4','PjZMhQ7dTJ', NOW(), 4.8)
2014-01-15 14:58:42 - test=1;$hash=R/xQBCV4WNAia0Qg9wrqsmcYZtE=
$crc=none

insert into katalog_finanse(status,outu,type,rnd,add_data,price) values('0','5267','4','kGDGZYi5f6', NOW(), 4.8)
2014-01-15 14:58:43 - test=1;$hash=R/xQBCV4WNAia0Qg9wrqsmcYZtE=
$crc=none

insert into katalog_finanse(status,outu,type,rnd,add_data,price) values('0','5267','4','OLdfX6CDJD', NOW(), 4.8)
2014-01-15 15:00:10 - test=1;$hash=R/xQBCV4WNAia0Qg9wrqsmcYZtE=
$crc=none

insert into katalog_finanse(status,outu,type,rnd,add_data,price) values('0','5267','4','Ga3XcMalej', NOW(), 4.8)
2014-01-15 15:00:10 - test=1;$hash=R/xQBCV4WNAia0Qg9wrqsmcYZtE=
$crc=none

insert into katalog_finanse(status,outu,type,rnd,add_data,price) values('0','5267','4','5IVjMAT3DF', NOW(), 4.8)
2014-01-15 15:01:09 - test=1;$hash=R/xQBCV4WNAia0Qg9wrqsmcYZtE=
$crc=none


2014-01-15 15:01:10 - test=1;$hash=R/xQBCV4WNAia0Qg9wrqsmcYZtE=
$crc=none


2014-03-03 04:08:40 - signature=zSp65M0hNIKtCnvsl2ublkh+4Ps=;operation_xml=PHJlc3BvbnNlPgo8c2VuZGVyX3Bob25lPiszODA2Nzk2NjQyNzQ8L3NlbmRlcl9waG9uZT4KPHN0
YXR1cz5zdWNjZXNzPC9zdGF0dXM+Cjx2ZXJzaW9uPjEuMjwvdmVyc2lvbj4KPG9yZGVyX2lkPjEy
Mjwvb3JkZXJfaWQ+CjxtZXJjaGFudF9pZD5pMzUyMzQ3ODY0NzwvbWVyY2hhbnRfaWQ+CjxwYXlf
ZGV0YWlscz5QQjwvcGF5X2RldGFpbHM+CjxkZXNjcmlwdGlvbj48L2Rlc2NyaXB0aW9uPgo8Y3Vy
cmVuY3k+VVNEPC9jdXJyZW5jeT4KPGFtb3VudD4xLjAwPC9hbW91bnQ+CjxwYXlfd2F5PmNhcmQ8
L3BheV93YXk+Cjx0cmFuc2FjdGlvbl9pZD4zNTY2MDM4MTwvdHJhbnNhY3Rpb25faWQ+CjxhY3Rp
b24+c2VydmVyX3VybDwvYWN0aW9uPgo8Y29kZT48L2NvZGU+CjwvcmVzcG9uc2U+
;$hash=zSp65M0hNIKtCnvsl2ublkh+4Ps=
$crc=zSp65M0hNIKtCnvsl2ublkh+4Ps=
success

